[LOG] SystemI::init                            : FMOD Studio Version: 00010700 (121212)
[LOG] SystemI::init                            : maxchannels = 128, flags = 00030000, extradriverdata = 0000000000000000
[LOG] SystemI::close                           : 
[LOG] SystemI::close                           : Stop all sounds
[LOG] SystemI::close                           : Remove miscllaneous DSP stuff.
[LOG] SystemI::close                           : done.

[LOG] OutputWASAPI::init                       : Mix Format (WAVEFORMATEX): wFormatTag=0xFFFE, nChannels=2, nSamplesPerSec=48000, nAvgBytesPerSec=384000, nBlockAlign=8, wBitsPerSample=32, cbSize=22.
[LOG] OutputWASAPI::init                       : Mix Format (WAVEFORMATEXTENSIBLE): wValidBitsPerSample=32, dwChannelMask=0x00000003, SubFormat=00000003-0000-0010-8000-00AA00389B71.
[LOG] Thread::initThread                       : Initializing FMOD (WASAPI) feeder thread.  priority 0
[LOG] Thread::initThread                       : - Stacksize 0.  Stack pointer 0000000000000000 : usesemaphore = 0 : sleeptime = 0
[LOG] Thread::callback                         : * FMOD (WASAPI) feeder thread started
[LOG] Thread::initThread                       : Initializing FMOD mixer thread.  priority 2
[LOG] OutputWASAPI::feederUpdate               : WASAPI feeder thread set to 'Audio' characteristic
[LOG] Thread::initThread                       : - Stacksize 49152.  Stack pointer 0000000000000000 : usesemaphore = 1 : sleeptime = 0
[LOG] Thread::callback                         : * FMOD mixer thread started
[LOG] SystemI::init                            : Set up emulated output
[LOG] SystemI::init                            : create the channel pool
[LOG] SystemI::init                            : Set up streamer
[LOG] Thread::initThread                       : Initializing FMOD stream thread.  priority 2
[LOG] Thread::initThread                       : - Stacksize 65536.  Stack pointer 0000000000000000 : usesemaphore = 0 : sleeptime = 10
[LOG] Thread::callback                         : * FMOD stream thread started
[LOG] Thread::initThread                       : Initializing FMOD Studio update thread.  priority 0
[LOG] Thread::initThread                       : - Stacksize 65536.  Stack pointer 0000000000000000 : usesemaphore = 0 : sleeptime = 1
[LOG] Thread::callback                         : * FMOD Studio update thread started
[LOG] LiveUpdate::init                         : 
[LOG] Thread::initThread                       : Initializing FMOD Studio load thread.  priority 0
[LOG] Thread::initThread                       : - Stacksize 65536.  Stack pointer 0000000000000000 : usesemaphore = 0 : sleeptime = 1
[LOG] Thread::callback                         : * FMOD Studio load thread started
[LOG] Profile::init                            : Profiler listening on port: 9264
[LOG] Manager::readBank                        : fileversion = 67, compatVersion = 67 (oldest = 44, newest = 68)
[LOG] Manager::readBank                        : fileversion = 67, compatVersion = 67 (oldest = 44, newest = 68)
[LOG] SystemI::createSound                     : filename = C:/Users/daniel.waterston/Desktop/BattleOfTheBards/BotB/Assets/FMOD Banks\Build\Desktop/Master Bank.bank : mode 0a010202
[LOG] SystemI::createSound                     : FMOD_NONBLOCKING specified.  Putting into queue to be opened asynchronously!
[LOG] OutputSoftware::createSample             : lengthpcm 0, lengthbytes 0, channels 0, format 0, freq 0, mode 00000000
[LOG] Thread::initThread                       : Initializing FMOD nonblocking thread (0).  priority 1
[LOG] Thread::initThread                       : - Stacksize 81920.  Stack pointer 0000000000000000 : usesemaphore = 1 : sleeptime = 0
[LOG] Thread::callback                         : * FMOD nonblocking thread (0) started
[LOG] SystemI::createSound                     : setdata soundi = 000000003587C178 : node = 000000000B76EA00
[LOG] SystemI::createSound                     : add node to async list : head = 000000001D307010.  list count = 0
[LOG] AsyncThread::threadFunc                  : Starting Asynchronous operation on sound 000000003587C178
[LOG] SystemI::createSound                     : filename = C:/Users/daniel.waterston/Desktop/BattleOfTheBards/BotB/Assets/FMOD Banks\Build\Desktop/Master Bank.bank : mode 0a010202
[LOG] SystemI::createSoundInternal             :     filename = C:/Users/daniel.waterston/Desktop/BattleOfTheBards/BotB/Assets/FMOD Banks\Build\Desktop/Master Bank.bank : mode 0a010202
[LOG] SystemI::createSoundInternal             :     exinfo->cbsize             = 216
ng into queue to be opened asynchronously!
[LOG] OutputSoftware::createSample             :     lengthpcm 0, lengthbytes 0, channels 0, format 0, freq 0, mode 00000000
[LOG] SystemI::createSoundInternal             :     exinfo->fileoffset         = 13248
[LOG] SystemI::createSound                     :     setdata soundi = 000000003587BE58 : node = 000000000B76E8C0
[LOG] SystemI::createSound                     :     add node to async list : head = 000000001D307010.  list count = 0
[LOG] SystemI::createSoundInternal             :     exinfo->numsubsounds       = 1
[LOG] SystemI::createSoundInternal             :     exinfo->inclusionlist      = 000000000B76EB08
[LOG] SystemI::createSound                     :     filename = C:/Users/daniel.waterston/Desktop/BattleOfTheBards/BotB/Assets/FMOD Banks\Build\Desktop/Master Bank.bank : mode 0a010202
[LOG] SystemI::createSoundInternal             :     exinfo->inclusionlistnum   = 1
[LOG] SystemI::createSound                     :     FMOD_NONBLOCKING specified.  Putting into queue to be opened asynchronously!
[LOG] SystemI::createSoundInternal             :     exinfo->suggestedsoundtype = 5
[LOG] OutputSoftware::createSample             :     lengthpcm 0, lengthbytes 0, channels 0, format 0, freq 0, mode 00000000
[LOG] SystemI::createSoundInternal             :     exinfo->initialseekpostype = 1
[LOG] SystemI::createSound                     :     setdata soundi = 000000003587BFE8 : node = 000000000B76F540
[LOG] SystemI::createSound                     :     add node to async list : head = 000000001D307010.  list count = 1
[LOG] SystemI::createSoundInternal             :     Format has 1 subsounds.
[LOG] SystemI::createSoundInternal             :     Create as FMOD_CREATESAMPLE
[LOG] SystemI::createSound                     :     filename = C:/Users/daniel.waterston/Desktop/BattleOfTheBards/BotB/Assets/FMOD Banks\Build\Desktop/Master Bank.bank : mode 0a010202
[LOG] SystemI::createSoundInternal             :     Multi-sample sound (1 subsounds), create a sample container.
[LOG] SystemI::createSound                     :     FMOD_NONBLOCKING specified.  Putting into queue to be opened asynchronously!
[LOG] SystemI::createSoundInternal             :     creating subsound 0/1
[LOG] OutputSoftware::createSample             :     lengthpcm 0, lengthbytes 0, channels 0, format 0, freq 0, mode 00000000
[LOG] SystemI::createSample                    :     mode 0a010202 length 56564 samples, lengthbytes 13728
[LOG] SystemI::createSound                     :     setdata soundi = 000000003587BCC8 : node = 000000000B76F400
[LOG] SystemI::createSample                    :     channels = 2
[LOG] SystemI::createSound                     :     add node to async list : head = 000000001D307010.  list count = 2
[LOG] SystemI::createSample                    :     output = 000000003587B368
[LOG] SystemI::createSound                     :     filename = C:/Users/daniel.waterston/Desktop/BattleOfTheBards/BotB/Assets/FMOD Banks\Build\Desktop/Master Bank.bank : mode 0a010202
[LOG] OutputSoftware::createSample             :     lengthpcm 56564, lengthbytes 13728, channels 2, format 2, freq 48000, mode 0a01020a
[LOG] SystemI::createSound                     :     FMOD_NONBLOCKING specified.  Putting into queue to be opened asynchronously!
[LOG] OutputSoftware::createSample             :     lengthpcm 0, lengthbytes 0, channels 0, format 0, freq 0, mode 00000000
[LOG] SystemI::createSoundInternal             :     done.  OpenState now = FMOD_OPENSTATE_READY.

[LOG] AsyncThread::threadFunc                  : Finished Asynchronous operation on sound 000000003587C178
[LOG] SystemI::createSound                     :     setdata soundi = 000000003587BB38 : node = 000000000B76F2C0
[LOG] AsyncThread::threadFunc                  : Starting Asynchronous operation on sound 000000003587BE58
[LOG] SystemI::createSound                     : add node to async list : head = 000000001D307010.  list count = 2
[LOG] SystemI::createSoundInternal             :     filename = C:/Users/daniel.waterston/Desktop/BattleOfTheBards/BotB/Assets/FMOD Banks\Build\Desktop/Master Bank.bank : mode 0a010202
[LOG] SystemI::createSound                     :     filename = C:/Users/daniel.waterston/Desktop/BattleOfTheBards/BotB/Assets/FMOD Banks\Build\Desktop/Master Bank.bank : mode 0a010202
[LOG] SystemI::createSoundInternal             :     exinfo->cbsize             = 216
[LOG] SystemI::createSound                     :     FMOD_NONBLOCKING specified.  Putting into queue to be opened asynchronously!
[LOG] SystemI::createSoundInternal             :     exinfo->length             = 198304
[LOG] OutputSoftware::createSample             :     lengthpcm 0, lengthbytes 0, channels 0, format 0, freq 0, mode 00000000
[LOG] SystemI::createSound                     :     setdata soundi = 000000003587B9A8 : node = 000000000B76F180
[LOG] SystemI::createSoundInternal             :     exinfo->fileoffset         = 13248
[LOG] SystemI::createSoundInternal             :     exinfo->numsubsounds       = 1
[LOG] SystemI::createSound                     :     add node to async list : head = 000000001D307010.  list count = 3
[LOG] SystemI::createSoundInternal             :     exinfo->inclusionlist      = 000000000B76E9C8
[LOG] SystemI::createSound                     :     filename = C:/Users/daniel.waterston/Desktop/BattleOfTheBards/BotB/Assets/FMOD Banks\Build\Desktop/Master Bank.bank : mode 0a010202
[LOG] SystemI::createSoundInternal             :     exinfo->inclusionlistnum   = 1
[LOG] SystemI::createSound                     :     FMOD_NONBLOCKING specified.  Putting into queue to be opened asynchronously!
[LOG] SystemI::createSoundInternal             :     exinfo->suggestedsoundtype = 5
[LOG] OutputSoftware::createSample             :     lengthpcm 0, lengthbytes 0, channels 0, format 0, freq 0, mode 00000000
[LOG] SystemI::createSoundInternal             :     exinfo->initialseekpostype = 1
[LOG] SystemI::createSound                     :     setdata soundi = 00000000359AFE28 : node = 000000000B76F040
[LOG] SystemI::createSoundInternal             :     Format has 1 subsounds.
[LOG] SystemI::createSound                     :     add node to async list : head = 000000001D307010.  list count = 4
[LOG] SystemI::createSoundInternal             :     Multi-sample sound (1 subsounds), create a sample container.
[LOG] SystemI::createSound                     :     filename = C:/Users/daniel.waterston/Desktop/BattleOfTheBards/BotB/Assets/FMOD Banks\Build\Desktop/Master Bank.bank : mode 0a010202
[LOG] SystemI::createSound                     :     FMOD_NONBLOCKING specified.  Putting into queue to be opened asynchronously!
[LOG] OutputSoftware::createSample             :     lengthpcm 0, lengthbytes 0, channels 0, format 0, freq 0, mode 00000000
[LOG] SystemI::createSample                    :     channels = 2
[LOG] SystemI::createSound                     :     setdata soundi = 00000000359AFFB8 : node = 000000000B76E780
[LOG] SystemI::createSample                    :     output = 000000003587B368
[LOG] SystemI::createSound                     :     add node to async list : head = 000000001D307010.  list count = 5
[LOG] OutputSoftware::createSample             :     lengthpcm 87493, lengthbytes 20192, channels 2, format 2, freq 48000, mode 0a01020a
[LOG] SystemI::createSound                     :     filename = C:/Users/daniel.waterston/Desktop/BattleOfTheBards/BotB/Assets/FMOD Banks\Build\Desktop/Master Bank.bank : mode 0a010202
[LOG] SystemI::createSound                     :     FMOD_NONBLOCKING specified.  Putting into queue to be opened asynchronously!
[LOG] SystemI::createSoundInternal             :     done.  OpenState now = FMOD_OPENSTATE_READY.

[LOG] AsyncThread::threadFunc                  : Finished Asynchronous operation on sound 000000003587BE58
[LOG] OutputSoftware::createSample             : lengthpcm 0, lengthbytes 0, channels 0, format 0, freq 0, mode 00000000
[LOG] SystemI::createSound                     : setdata soundi = 00000000359B02D8 : node = 000000000B76EC80
[LOG] AsyncThread::threadFunc                  : Starting Asynchronous operation on sound 000000003587BFE8
[LOG] SystemI::createSoundInternal             :     filename = C:/Users/daniel.waterston/Desktop/BattleOfTheBards/BotB/Assets/FMOD Banks\Build\Desktop/Master Bank.bank : mode 0a010202
[LOG] SystemI::createSound                     :     add node to async list : head = 000000001D307010.  list count = 5
[LOG] SystemI::createSoundInternal             :     exinfo->cbsize             = 216
[LOG] SystemI::createSound                     :     filename = C:/Users/daniel.waterston/Desktop/BattleOfTheBards/BotB/Assets/FMOD Banks\Build\Desktop/Master Bank.bank : mode 0a010202
[LOG] SystemI::createSoundInternal             :     exinfo->length             = 198304
[LOG] SystemI::createSound                     :     FMOD_NONBLOCKING specified.  Putting into queue to be opened asynchronously!
[LOG] SystemI::createSoundInternal             :     exinfo->fileoffset         = 13248
[LOG] OutputSoftware::createSample             :     lengthpcm 0, lengthbytes 0, channels 0, format 0, freq 0, mode 00000000
[LOG] SystemI::createSound                     :     setdata soundi = 00000000359B0468 : node = 000000000B76EB40
[LOG] SystemI::createSoundInternal             :     exinfo->numsubsounds       = 1
[LOG] SystemI::createSoundInternal             :     exinfo->inclusionlist      = 000000000B76F648
[LOG] SystemI::createSound                     :     add node to async list : head = 000000001D307010.  list count = 6
[LOG] SystemI::createSoundInternal             :     exinfo->inclusionlistnum   = 1
[LOG] SystemI::createSound                     :     filename = C:/Users/daniel.waterston/Desktop/BattleOfTheBards/BotB/Assets/FMOD Banks\Build\Desktop/Master Bank.bank : mode 0a010202
[LOG] SystemI::createSoundInternal             :     exinfo->suggestedsoundtype = 5
[LOG] SystemI::createSound                     :     FMOD_NONBLOCKING specified.  Putting into queue to be opened asynchronously!
[LOG] SystemI::createSoundInternal             :     exinfo->initialseekpostype = 1
[LOG] OutputSoftware::createSample             :     lengthpcm 0, lengthbytes 0, channels 0, format 0, freq 0, mode 00000000
[LOG] SystemI::createSound                     :     setdata soundi = 00000000359B05F8 : node = 0000000035A5F9E0
[LOG] SystemI::createSoundInternal             :     Format has 1 subsounds.
[LOG] SystemI::createSoundInternal             :     Create as FMOD_CREATESAMPLE
[LOG] SystemI::createSound                     :     add node to async list : head = 000000001D307010.  list count = 7
[LOG] SystemI::createSoundInternal             :     Multi-sample sound (1 subsounds), create a sample container.
[LOG] SystemI::createSoundInternal             :     creating subsound 0/1
[LOG] SystemI::createSample                    :     mode 0a010202 length 108949 samples, lengthbytes 25216
[LOG] SystemI::createSample                    :     channels = 2
[LOG] SystemI::createSample                    :     output = 000000003587B368
[LOG] OutputSoftware::createSample             :     lengthpcm 108949, lengthbytes 25216, channels 2, format 2, freq 48000, mode 0a01020a
[LOG] SystemI::createSoundInternal             :     done.  OpenState now = FMOD_OPENSTATE_READY.

[LOG] AsyncThread::threadFunc                  : Finished Asynchronous operation on sound 000000003587BFE8
[LOG] AsyncThread::threadFunc                  : Starting Asynchronous operation on sound 000000003587BCC8
[LOG] SystemI::createSoundInternal             :     filename = C:/Users/daniel.waterston/Desktop/BattleOfTheBards/BotB/Assets/FMOD Banks\Build\Desktop/Master Bank.bank : mode 0a010202
[LOG] SystemI::createSoundInternal             :     exinfo->cbsize             = 216
[LOG] SystemI::createSoundInternal             :     exinfo->length             = 198304
[LOG] SystemI::createSoundInternal             :     exinfo->fileoffset         = 13248
[LOG] SystemI::createSoundInternal             :     exinfo->numsubsounds       = 1
[LOG] SystemI::createSoundInternal             :     exinfo->inclusionlist      = 000000000B76F508
[LOG] SystemI::createSoundInternal             :     exinfo->inclusionlistnum   = 1
[LOG] SystemI::createSoundInternal             :     exinfo->suggestedsoundtype = 5
[LOG] SystemI::createSoundInternal             :     exinfo->initialseekpostype = 1
[LOG] SystemI::createSoundInternal             :     Format has 1 subsounds.
[LOG] SystemI::createSoundInternal             :     Create as FMOD_CREATESAMPLE
[LOG] SystemI::createSoundInternal             :     Multi-sample sound (1 subsounds), create a sample container.
[LOG] SystemI::createSoundInternal             :     creating subsound 0/1
[LOG] SystemI::createSample                    :     mode 0a010202 length 63809 samples, lengthbytes 14496
[LOG] SystemI::createSample                    :     channels = 2
[LOG] SystemI::createSample                    :     output = 000000003587B368
[LOG] OutputSoftware::createSample             :     lengthpcm 63809, lengthbytes 14496, channels 2, format 2, freq 48000, mode 0a01020a
[LOG] SystemI::createSoundInternal             :     done.  OpenState now = FMOD_OPENSTATE_READY.

[LOG] AsyncThread::threadFunc                  : Finished Asynchronous operation on sound 000000003587BCC8
[LOG] AsyncThread::threadFunc                  : Starting Asynchronous operation on sound 000000003587BB38
[LOG] SystemI::createSoundInternal             :     filename = C:/Users/daniel.waterston/Desktop/BattleOfTheBards/BotB/Assets/FMOD Banks\Build\Desktop/Master Bank.bank : mode 0a010202
[LOG] SystemI::createSoundInternal             :     exinfo->cbsize             = 216
[LOG] SystemI::createSoundInternal             :     exinfo->length             = 198304
[LOG] SystemI::createSoundInternal             :     exinfo->fileoffset         = 13248
[LOG] SystemI::createSoundInternal             :     exinfo->numsubsounds       = 1
[LOG] SystemI::createSoundInternal             :     exinfo->inclusionlist      = 000000000B76F3C8
[LOG] SystemI::createSoundInternal             :     exinfo->inclusionlistnum   = 1
[WRN] SoundSourceInstrumentInstance::startChannelIfReady :     Loading delay exceeded, sound may play at incorrect time
[LOG] SystemI::createSoundInternal             :     exinfo->suggestedsoundtype = 5
[LOG] SystemI::createSoundInternal             :     exinfo->initialseekpostype = 1
[LOG] SystemI::createSoundInternal             :     Format has 1 subsounds.
[LOG] SystemI::createSoundInternal             :     Create as FMOD_CREATESAMPLE
[LOG] SystemI::createSoundInternal             :     Multi-sample sound (1 subsounds), create a sample container.
[LOG] SystemI::createSoundInternal             :     creating subsound 0/1
[LOG] SystemI::createSample                    :     mode 0a010202 length 44026 samples, lengthbytes 10240
[LOG] SystemI::createSample                    :     channels = 2
[LOG] SystemI::createSample                    :     output = 000000003587B368
[LOG] OutputSoftware::createSample             :     lengthpcm 44026, lengthbytes 10240, channels 2, format 2, freq 48000, mode 0a01020a
[LOG] SystemI::createSoundInternal             :     done.  OpenState now = FMOD_OPENSTATE_READY.

[LOG] AsyncThread::threadFunc                  : Finished Asynchronous operation on sound 000000003587BB38
[LOG] AsyncThread::threadFunc                  : Starting Asynchronous operation on sound 000000003587B9A8
[WRN] SoundSourceInstrumentInstance::startChannelIfReady : Loading delay exceeded, sound may play at incorrect time
[LOG] SystemI::createSoundInternal             :     filename = C:/Users/daniel.waterston/Desktop/BattleOfTheBards/BotB/Assets/FMOD Banks\Build\Desktop/Master Bank.bank : mode 0a010202
[LOG] SystemI::createSoundInternal             :     exinfo->cbsize             = 216
[LOG] SystemI::createSoundInternal             :     exinfo->length             = 198304
[LOG] SystemI::createSoundInternal             :     exinfo->fileoffset         = 13248
[LOG] SystemI::createSoundInternal             :     exinfo->numsubsounds       = 1
[LOG] SystemI::createSoundInternal             :     exinfo->inclusionlist      = 000000000B76F288
[LOG] SystemI::createSoundInternal             :     exinfo->inclusionlistnum   = 1
[LOG] SystemI::createSoundInternal             :     exinfo->suggestedsoundtype = 5
[LOG] SystemI::createSoundInternal             :     exinfo->initialseekpostype = 1
[LOG] SystemI::createSoundInternal             :     Format has 1 subsounds.
[LOG] SystemI::createSoundInternal             :     Create as FMOD_CREATESAMPLE
[LOG] SystemI::createSoundInternal             :     Multi-sample sound (1 subsounds), create a sample container.
[LOG] SystemI::createSoundInternal             :     creating subsound 0/1
[LOG] SystemI::createSample                    :     mode 0a010202 length 72865 samples, lengthbytes 17280
[LOG] SystemI::createSample                    :     channels = 2
[LOG] SystemI::createSample                    :     output = 000000003587B368
[LOG] OutputSoftware::createSample             :     lengthpcm 72865, lengthbytes 17280, channels 2, format 2, freq 48000, mode 0a01020a
[LOG] SystemI::createSoundInternal             :     done.  OpenState now = FMOD_OPENSTATE_READY.

[LOG] AsyncThread::threadFunc                  : Finished Asynchronous operation on sound 000000003587B9A8
[LOG] AsyncThread::threadFunc                  : Starting Asynchronous operation on sound 00000000359AFE28
[LOG] SystemI::createSoundInternal             :     filename = C:/Users/daniel.waterston/Desktop/BattleOfTheBards/BotB/Assets/FMOD Banks\Build\Desktop/Master Bank.bank : mode 0a010202
[LOG] SystemI::createSoundInternal             :     exinfo->cbsize             = 216
[LOG] SystemI::createSoundInternal             :     exinfo->length             = 198304
[LOG] SystemI::createSoundInternal             :     exinfo->fileoffset         = 13248
[LOG] SystemI::createSoundInternal             :     exinfo->numsubsounds       = 1
[LOG] SystemI::createSoundInternal             :     exinfo->inclusionlist      = 000000000B76F148
[LOG] SystemI::createSoundInternal             :     exinfo->inclusionlistnum   = 1
[WRN] SoundSourceInstrumentInstance::startChannelIfReady :     Loading delay exceeded, sound may play at incorrect time
[LOG] SystemI::createSoundInternal             :     exinfo->suggestedsoundtype = 5
[LOG] SystemI::createSoundInternal             :     exinfo->initialseekpostype = 1
[LOG] SystemI::createSoundInternal             :     Format has 1 subsounds.
[LOG] SystemI::createSoundInternal             :     Create as FMOD_CREATESAMPLE
[LOG] SystemI::createSoundInternal             :     Multi-sample sound (1 subsounds), create a sample container.
[LOG] SystemI::createSoundInternal             :     creating subsound 0/1
[LOG] SystemI::createSample                    :     mode 0a010202 length 108949 samples, lengthbytes 25216
[LOG] SystemI::createSample                    :     channels = 2
[LOG] SystemI::createSample                    :     output = 000000003587B368
[LOG] OutputSoftware::createSample             :     lengthpcm 108949, lengthbytes 25216, channels 2, format 2, freq 48000, mode 0a01020a
[LOG] SystemI::createSoundInternal             :     done.  OpenState now = FMOD_OPENSTATE_READY.

[LOG] AsyncThread::threadFunc                  : Finished Asynchronous operation on sound 00000000359AFE28
[LOG] AsyncThread::threadFunc                  : Starting Asynchronous operation on sound 00000000359AFFB8
[LOG] SystemI::createSoundInternal             :     filename = C:/Users/daniel.waterston/Desktop/BattleOfTheBards/BotB/Assets/FMOD Banks\Build\Desktop/Master Bank.bank : mode 0a010202
[LOG] SystemI::createSoundInternal             :     exinfo->cbsize             = 216
[LOG] SystemI::createSoundInternal             :     exinfo->length             = 198304
[LOG] SystemI::createSoundInternal             :     exinfo->fileoffset         = 13248
[LOG] SystemI::createSoundInternal             :     exinfo->numsubsounds       = 1
[LOG] SystemI::createSoundInternal             :     exinfo->inclusionlist      = 000000000B76E888
[LOG] SystemI::createSoundInternal             :     exinfo->inclusionlistnum   = 1
[LOG] SystemI::createSoundInternal             :     exinfo->suggestedsoundtype = 5
[LOG] SystemI::createSoundInternal             :     exinfo->initialseekpostype = 1
[LOG] SystemI::createSoundInternal             :     Format has 1 subsounds.
[LOG] SystemI::createSoundInternal             :     Create as FMOD_CREATESAMPLE
[LOG] SystemI::createSoundInternal             :     Multi-sample sound (1 subsounds), create a sample container.
[LOG] SystemI::createSoundInternal             :     creating subsound 0/1
[LOG] SystemI::createSample                    :     mode 0a010202 length 72865 samples, lengthbytes 17280
[LOG] SystemI::createSample                    :     channels = 2
[LOG] SystemI::createSample                    :     output = 000000003587B368
[LOG] OutputSoftware::createSample             :     lengthpcm 72865, lengthbytes 17280, channels 2, format 2, freq 48000, mode 0a01020a
[LOG] SystemI::createSoundInternal             :     done.  OpenState now = FMOD_OPENSTATE_READY.

[LOG] AsyncThread::threadFunc                  : Finished Asynchronous operation on sound 00000000359AFFB8
[LOG] AsyncThread::threadFunc                  : Starting Asynchronous operation on sound 00000000359B02D8
[LOG] SystemI::createSoundInternal             :     filename = C:/Users/daniel.waterston/Desktop/BattleOfTheBards/BotB/Assets/FMOD Banks\Build\Desktop/Master Bank.bank : mode 0a010202
[LOG] SystemI::createSoundInternal             :     exinfo->cbsize             = 216
[LOG] SystemI::createSoundInternal             :     exinfo->length             = 198304
[LOG] SystemI::createSoundInternal             :     exinfo->fileoffset         = 13248
[LOG] SystemI::createSoundInternal             :     exinfo->numsubsounds       = 1
[LOG] SystemI::createSoundInternal             :     exinfo->inclusionlist      = 000000000B76ED88
[LOG] SystemI::createSoundInternal             :     exinfo->inclusionlistnum   = 1
[LOG] SystemI::createSoundInternal             :     exinfo->suggestedsoundtype = 5
[LOG] SystemI::createSoundInternal             :     exinfo->initialseekpostype = 1
[LOG] SystemI::createSoundInternal             :     Format has 1 subsounds.
[LOG] SystemI::createSoundInternal             :     Create as FMOD_CREATESAMPLE
[LOG] SystemI::createSoundInternal             :     Multi-sample sound (1 subsounds), create a sample container.
[LOG] SystemI::createSoundInternal             :     creating subsound 0/1
[LOG] SystemI::createSample                    :     mode 0a010202 length 56564 samples, lengthbytes 13728
[LOG] SystemI::createSample                    :     channels = 2
[LOG] SystemI::createSample                    :     output = 000000003587B368
[LOG] OutputSoftware::createSample             :     lengthpcm 56564, lengthbytes 13728, channels 2, format 2, freq 48000, mode 0a01020a
[LOG] SystemI::createSoundInternal             :     done.  OpenState now = FMOD_OPENSTATE_READY.

[LOG] AsyncThread::threadFunc                  : Finished Asynchronous operation on sound 00000000359B02D8
[LOG] AsyncThread::threadFunc                  : Starting Asynchronous operation on sound 00000000359B0468
[LOG] SystemI::createSoundInternal             :     filename = C:/Users/daniel.waterston/Desktop/BattleOfTheBards/BotB/Assets/FMOD Banks\Build\Desktop/Master Bank.bank : mode 0a010202
[LOG] SystemI::createSoundInternal             :     exinfo->cbsize             = 216
[LOG] SystemI::createSoundInternal             :     exinfo->length             = 198304
[LOG] SystemI::createSoundInternal             :     exinfo->fileoffset         = 13248
[LOG] SystemI::createSoundInternal             :     exinfo->numsubsounds       = 1
[LOG] SystemI::createSoundInternal             :     exinfo->inclusionlist      = 000000000B76EC48
[LOG] SystemI::createSoundInternal             :     exinfo->inclusionlistnum   = 1
[LOG] SystemI::createSoundInternal             :     exinfo->suggestedsoundtype = 5
[LOG] SystemI::createSoundInternal             :     exinfo->initialseekpostype = 1
[LOG] SystemI::createSoundInternal             :     Format has 1 subsounds.
[LOG] SystemI::createSoundInternal             :     Create as FMOD_CREATESAMPLE
[LOG] SystemI::createSoundInternal             :     Multi-sample sound (1 subsounds), create a sample container.
[LOG] SystemI::createSoundInternal             :     creating subsound 0/1
[LOG] SystemI::createSample                    :     mode 0a010202 length 108949 samples, lengthbytes 25216
[LOG] SystemI::createSample                    :     channels = 2
[LOG] SystemI::createSample                    :     output = 000000003587B368
[LOG] OutputSoftware::createSample             :     lengthpcm 108949, lengthbytes 25216, channels 2, format 2, freq 48000, mode 0a01020a
[LOG] SystemI::createSoundInternal             :     done.  OpenState now = FMOD_OPENSTATE_READY.

[LOG] AsyncThread::threadFunc                  : Finished Asynchronous operation on sound 00000000359B0468
[LOG] AsyncThread::threadFunc                  : Starting Asynchronous operation on sound 00000000359B05F8
[LOG] SystemI::createSoundInternal             :     filename = C:/Users/daniel.waterston/Desktop/BattleOfTheBards/BotB/Assets/FMOD Banks\Build\Desktop/Master Bank.bank : mode 0a010202
[LOG] SystemI::createSoundInternal             :     exinfo->cbsize             = 216
[LOG] SystemI::createSoundInternal             :     exinfo->length             = 198304
[LOG] SystemI::createSoundInternal             :     exinfo->fileoffset         = 13248
[LOG] SystemI::createSoundInternal             :     exinfo->numsubsounds       = 1
[LOG] SystemI::createSoundInternal             :     exinfo->inclusionlist      = 0000000035A5FAE8
[LOG] SystemI::createSoundInternal             :     exinfo->inclusionlistnum   = 1
[LOG] SystemI::createSoundInternal             :     exinfo->suggestedsoundtype = 5
[LOG] SystemI::createSoundInternal             :     exinfo->initialseekpostype = 1
[LOG] SystemI::createSoundInternal             :     Format has 1 subsounds.
[LOG] SystemI::createSoundInternal             :     Create as FMOD_CREATESAMPLE
[LOG] SystemI::createSoundInternal             :     Multi-sample sound (1 subsounds), create a sample container.
[LOG] SystemI::createSoundInternal             :     creating subsound 0/1
[LOG] SystemI::createSample                    :     mode 0a010202 length 63809 samples, lengthbytes 14496
[LOG] SystemI::createSample                    :     channels = 2
[LOG] SystemI::createSample                    :     output = 000000003587B368
[LOG] OutputSoftware::createSample             :     lengthpcm 63809, lengthbytes 14496, channels 2, format 2, freq 48000, mode 0a01020a
[LOG] SystemI::createSoundInternal             :     done.  OpenState now = FMOD_OPENSTATE_READY.

[LOG] AsyncThread::threadFunc                  : Finished Asynchronous operation on sound 00000000359B05F8
[WRN] SoundSourceInstrumentInstance::startChannelIfReady : Loading delay exceeded, sound may play at incorrect time
[LOG] SoundI::release                          : (null) (00000000359B02D8)
[LOG] SoundI::release                          : release subsounds. (00000000359B02D8)
[LOG] SoundI::release                          :     (null) (0000000035982098)
[LOG] SoundI::release                          : release codec. (00000000359B02D8)
[LOG] SoundI::release                          : (null) (00000000359B0468)
[LOG] SoundI::release                          : release subsounds. (00000000359B0468)
[LOG] SoundI::release                          :     (null) (0000000035982228)
[LOG] SoundI::release                          : release codec. (00000000359B0468)
[LOG] SoundI::release                          : (null) (00000000359B05F8)
[LOG] SoundI::release                          : release subsounds. (00000000359B05F8)
[LOG] SoundI::release                          :     (null) (00000000359823B8)
[LOG] SoundI::release                          : release codec. (00000000359B05F8)
[LOG] SoundI::release                          : (null) (000000003587B9A8)
[LOG] SoundI::release                          : release subsounds. (000000003587B9A8)
[LOG] SoundI::release                          :     (null) (00000000359B0C38)
[LOG] SoundI::release                          : release codec. (000000003587B9A8)
[LOG] SoundI::release                          : (null) (00000000359AFE28)
[LOG] SoundI::release                          : release subsounds. (00000000359AFE28)
[LOG] SoundI::release                          :     (null) (0000000035981D78)
[LOG] SoundI::release                          : release codec. (00000000359AFE28)
[LOG] SoundI::release                          : (null) (00000000359AFFB8)
[LOG] SoundI::release                          : release subsounds. (00000000359AFFB8)
[LOG] SoundI::release                          :     (null) (0000000035981F08)
[LOG] SoundI::release                          : release codec. (00000000359AFFB8)
[LOG] SoundI::release                          : (null) (000000003587C178)
[LOG] SoundI::release                          : release subsounds. (000000003587C178)
[LOG] SoundI::release                          :     (null) (000000003587B4F8)
[LOG] SoundI::release                          : release codec. (000000003587C178)
[LOG] SoundI::release                          : (null) (000000003587BE58)
[LOG] SoundI::release                          : release subsounds. (000000003587BE58)
[LOG] SoundI::release                          :     (null) (00000000359B0148)
[LOG] SoundI::release                          : release codec. (000000003587BE58)
[LOG] SoundI::release                          : (null) (000000003587BFE8)
[LOG] SoundI::release                          : release subsounds. (000000003587BFE8)
[LOG] SoundI::release                          :     (null) (00000000359B0788)
[LOG] SoundI::release                          : release codec. (000000003587BFE8)
[LOG] SoundI::release                          : (null) (000000003587BCC8)
[LOG] SoundI::release                          : release subsounds. (000000003587BCC8)
[LOG] SoundI::release                          :     (null) (00000000359B0918)
[LOG] SoundI::release                          : release codec. (000000003587BCC8)
[LOG] SoundI::release                          : (null) (000000003587BB38)
[LOG] SoundI::release                          : release subsounds. (000000003587BB38)
[LOG] SoundI::release                          :     (null) (00000000359B0AA8)
[LOG] SoundI::release                          : release codec. (000000003587BB38)
[LOG] Thread::callback                         : * FMOD Studio update thread finished
[LOG] Thread::close                            : FMOD Studio update thread thread destroyed
[LOG] Thread::callback                         : * FMOD Studio load thread finished
[LOG] Thread::close                            : FMOD Studio load thread thread destroyed
[LOG] Profile::disconnectAll                   : Profiler disconnecting all clients
[LOG] LiveUpdate::release                      : 
[LOG] SystemI::close                           : 
[LOG] SystemI::close                           : Stop all sounds
[LOG] Thread::callback                         : * FMOD stream thread finished
[LOG] Thread::close                            : FMOD stream thread thread destroyed
[LOG] SystemI::close                           : Stream thread destroyed
[LOG] SystemI::close                           : Shut down output.
[LOG] Thread::callback                         : * FMOD (WASAPI) feeder thread finished
[LOG] Thread::close                            : FMOD (WASAPI) feeder thread thread destroyed
[LOG] Thread::callback                         : * FMOD mixer thread finished
[LOG] Thread::close                            : FMOD mixer thread thread destroyed
[LOG] SystemI::close                           : Free master channel group.
[LOG] SystemI::close                           : Remove 'master' sound group.
[LOG] SystemI::close                           : Free software output.
[LOG] SystemI::close                           : Free emulated output.
[LOG] SystemI::close                           : Free channel pool.
[LOG] SystemI::close                           : Remove miscllaneous DSP stuff.
[LOG] Global::decRef                           : Shut down streamer and FMOD_NONBLOCKING and FileSystem thread.
[LOG] Thread::callback                         : * FMOD nonblocking thread (0) finished
[LOG] Thread::close                            : FMOD nonblocking thread (0) thread destroyed
[LOG] Global::decRef                           : Shut down file system.
[LOG] SystemI::close                           : done.

